[00:00:28] [VoiceChatPacketProcessingThread/INFO]: [voicechat] Player 5b40bfaf-6541-3c7b-a78f-ddcb343ecdce timed out
[00:00:28] [VoiceChatPacketProcessingThread/INFO]: [voicechat] Reconnecting player IlarilarieOhOHIO
[00:00:28] [VoiceChatPacketProcessingThread/INFO]: [voicechat] Sent secret to IlarilarieOhOHIO
[00:00:28] [VoiceChatPacketProcessingThread/INFO]: [voicechat] Successfully authenticated player 5b40bfaf-6541-3c7b-a78f-ddcb343ecdce
[00:00:29] [VoiceChatPacketProcessingThread/INFO]: [voicechat] Successfully validated connection of player 5b40bfaf-6541-3c7b-a78f-ddcb343ecdce
[00:00:29] [VoiceChatPacketProcessingThread/INFO]: [voicechat] Player IlarilarieOhOHIO (5b40bfaf-6541-3c7b-a78f-ddcb343ecdce) successfully connected to voice chat
[00:01:31] [Server thread/INFO]: [Not Secure] <IlarilarieOhOHIO> perro
[00:01:43] [Server thread/INFO]: [Not Secure] <IlarilarieOhOHIO> mi casco
[00:02:17] [Server thread/INFO]: [Not Secure] <IlarilarieOhOHIO> el casco
[00:02:26] [Server thread/INFO]: [Not Secure] <Trejos1111> no lo tengo
[00:02:41] [Server thread/INFO]: Dezar68 has made the advancement [Oh Shiny]
[00:02:54] [Server thread/INFO]: Dezar68 has made the advancement [Who is Cutting Onions?]
[00:03:50] [Server thread/INFO]: [Not Secure] <xHARITOLx> tiralo al suelo
[00:03:58] [Server thread/INFO]: [Not Secure] <xHARITOLx> bien, ahora sube las esclaras
[00:06:50] [Server thread/INFO]: [Not Secure] <pipi_caliente69> harol
[00:06:54] [Server thread/INFO]: [Not Secure] <xHARITOLx> ke
[00:07:01] [Server thread/INFO]: [Not Secure] <pipi_caliente69> llegue
[00:07:08] [Server thread/INFO]: [Not Secure] <xHARITOLx> adonde
[00:07:12] [Server thread/INFO]: [Not Secure] <pipi_caliente69> mande tpa
[00:10:10] [Server thread/INFO]: [Trejos1111: Teleported Trejos1111 to xHARITOLx]
[00:10:44] [Server thread/INFO]: IlarilarieOhOHIO has made the advancement [Crafting a New Look]
